<?xml version="1.0" encoding="UTF-8"?>
<testsuite name="ru.stqa.school.addressbook.test.GroupModificationTests" tests="1" skipped="0" failures="0" errors="0" timestamp="2017-12-03T00:40:45" hostname="Marinas-MacBook-Pro.local" time="2.023">
  <properties/>
  <testcase name="testGroupModification" classname="ru.stqa.school.addressbook.test.GroupModificationTests" time="2.023"/>
  <system-out><![CDATA[]]></system-out>
  <system-err><![CDATA[]]></system-err>
</testsuite>
