<?xml version="1.0" encoding="UTF-8"?>
<testsuite name="ru.stqa.school.addressbook.test.GroupCreationTest" tests="3" skipped="0" failures="0" errors="0" timestamp="2017-12-03T00:40:38" hostname="Marinas-MacBook-Pro.local" time="6.814">
  <properties/>
  <testcase name="testGroupCreation[0](GroupData{id='2147483647', name='test 0'})" classname="ru.stqa.school.addressbook.test.GroupCreationTest" time="3.091"/>
  <testcase name="testGroupCreation[1](GroupData{id='2147483647', name='test 1'})" classname="ru.stqa.school.addressbook.test.GroupCreationTest" time="1.927"/>
  <testcase name="testGroupCreation[2](GroupData{id='2147483647', name='test 2'})" classname="ru.stqa.school.addressbook.test.GroupCreationTest" time="1.795"/>
  <system-out><![CDATA[]]></system-out>
  <system-err><![CDATA[]]></system-err>
</testsuite>
