<?xml version="1.0" encoding="UTF-8"?>
<testsuite name="ru.stqa.school.addressbook.test.ContactDeletionTests" tests="1" skipped="0" failures="0" errors="0" timestamp="2017-12-03T21:09:08" hostname="Marinas-MacBook-Pro.local" time="2.995">
  <properties/>
  <testcase name="testContactDeletion" classname="ru.stqa.school.addressbook.test.ContactDeletionTests" time="2.995"/>
  <system-out><![CDATA[]]></system-out>
  <system-err><![CDATA[]]></system-err>
</testsuite>
