<?xml version="1.0" encoding="UTF-8"?>
<testsuite name="ru.stqa.school.addressbook.test.ContactAddressTest" tests="1" skipped="0" failures="0" errors="0" timestamp="2017-12-03T21:09:07" hostname="Marinas-MacBook-Pro.local" time="0.422">
  <properties/>
  <testcase name="testContactAddress" classname="ru.stqa.school.addressbook.test.ContactAddressTest" time="0.422"/>
  <system-out><![CDATA[]]></system-out>
  <system-err><![CDATA[]]></system-err>
</testsuite>
