<?xml version="1.0" encoding="UTF-8"?>
<testsuite name="ru.stqa.school.addressbook.test.ContactModificationTests" tests="1" skipped="0" failures="0" errors="0" timestamp="2017-12-03T21:09:03" hostname="Marinas-MacBook-Pro.local" time="3.934">
  <properties/>
  <testcase name="testContactModification" classname="ru.stqa.school.addressbook.test.ContactModificationTests" time="3.934"/>
  <system-out><![CDATA[]]></system-out>
  <system-err><![CDATA[]]></system-err>
</testsuite>
