<?xml version="1.0" encoding="UTF-8"?>
<testsuite name="ru.stqa.school.addressbook.test.GroupDeletionTests" tests="1" skipped="0" failures="0" errors="0" timestamp="2017-12-03T00:24:03" hostname="Marinas-MacBook-Pro.local" time="1.132">
  <properties/>
  <testcase name="testGroupDeletion" classname="ru.stqa.school.addressbook.test.GroupDeletionTests" time="1.132"/>
  <system-out><![CDATA[]]></system-out>
  <system-err><![CDATA[]]></system-err>
</testsuite>
