<?xml version="1.0" encoding="UTF-8"?>
<testsuite name="ru.stqa.school.addressbook.test.ContactCreationTest" tests="3" skipped="0" failures="0" errors="0" timestamp="2017-12-03T00:24:04" hostname="Marinas-MacBook-Pro.local" time="13.615">
  <properties/>
  <testcase name="testContactCreation[0](ContactData{id=0, firstname='first name 0', lastname='last name 0'})" classname="ru.stqa.school.addressbook.test.ContactCreationTest" time="6.366"/>
  <testcase name="testContactCreation[1](ContactData{id=0, firstname='first name 1', lastname='last name 1'})" classname="ru.stqa.school.addressbook.test.ContactCreationTest" time="3.693"/>
  <testcase name="testContactCreation[2](ContactData{id=0, firstname='first name 2', lastname='last name 2'})" classname="ru.stqa.school.addressbook.test.ContactCreationTest" time="3.556"/>
  <system-out><![CDATA[[ContactData{id=213, firstname='first name 2', lastname='last name 2'}, ContactData{id=212, firstname='first name 1', lastname='last name 1'}, ContactData{id=211, firstname='first name 0', lastname='last name 0'}, ContactData{id=210, firstname='first name 2', lastname='last name 2'}, ContactData{id=209, firstname='first name 1', lastname='last name 1'}, ContactData{id=208, firstname='first name 0', lastname='last name 0'}, ContactData{id=207, firstname='first name 2', lastname='last name 2'}, ContactData{id=206, firstname='first name 1', lastname='last name 1'}, ContactData{id=205, firstname='first name 0', lastname='last name 0'}, ContactData{id=223, firstname='first name 0', lastname='last name 0'}, ContactData{id=222, firstname='first name 2', lastname='last name 2'}, ContactData{id=221, firstname='first name 1', lastname='last name 1'}, ContactData{id=220, firstname='first name 0', lastname='last name 0'}, ContactData{id=219, firstname='first name 2', lastname='last name 2'}, ContactData{id=218, firstname='first name 1', lastname='last name 1'}, ContactData{id=217, firstname='first name 0', lastname='last name 0'}, ContactData{id=216, firstname='first name 2', lastname='last name 2'}, ContactData{id=215, firstname='first name 1', lastname='last name 1'}, ContactData{id=214, firstname='first name 0', lastname='last name 0'}]
[ContactData{id=213, firstname='first name 2', lastname='last name 2'}, ContactData{id=212, firstname='first name 1', lastname='last name 1'}, ContactData{id=211, firstname='first name 0', lastname='last name 0'}, ContactData{id=210, firstname='first name 2', lastname='last name 2'}, ContactData{id=209, firstname='first name 1', lastname='last name 1'}, ContactData{id=208, firstname='first name 0', lastname='last name 0'}, ContactData{id=207, firstname='first name 2', lastname='last name 2'}, ContactData{id=206, firstname='first name 1', lastname='last name 1'}, ContactData{id=205, firstname='first name 0', lastname='last name 0'}, ContactData{id=224, firstname='first name 1', lastname='last name 1'}, ContactData{id=223, firstname='first name 0', lastname='last name 0'}, ContactData{id=222, firstname='first name 2', lastname='last name 2'}, ContactData{id=221, firstname='first name 1', lastname='last name 1'}, ContactData{id=220, firstname='first name 0', lastname='last name 0'}, ContactData{id=219, firstname='first name 2', lastname='last name 2'}, ContactData{id=218, firstname='first name 1', lastname='last name 1'}, ContactData{id=217, firstname='first name 0', lastname='last name 0'}, ContactData{id=216, firstname='first name 2', lastname='last name 2'}, ContactData{id=215, firstname='first name 1', lastname='last name 1'}, ContactData{id=214, firstname='first name 0', lastname='last name 0'}]
[ContactData{id=213, firstname='first name 2', lastname='last name 2'}, ContactData{id=212, firstname='first name 1', lastname='last name 1'}, ContactData{id=211, firstname='first name 0', lastname='last name 0'}, ContactData{id=210, firstname='first name 2', lastname='last name 2'}, ContactData{id=209, firstname='first name 1', lastname='last name 1'}, ContactData{id=208, firstname='first name 0', lastname='last name 0'}, ContactData{id=207, firstname='first name 2', lastname='last name 2'}, ContactData{id=206, firstname='first name 1', lastname='last name 1'}, ContactData{id=205, firstname='first name 0', lastname='last name 0'}, ContactData{id=225, firstname='first name 2', lastname='last name 2'}, ContactData{id=224, firstname='first name 1', lastname='last name 1'}, ContactData{id=223, firstname='first name 0', lastname='last name 0'}, ContactData{id=222, firstname='first name 2', lastname='last name 2'}, ContactData{id=221, firstname='first name 1', lastname='last name 1'}, ContactData{id=220, firstname='first name 0', lastname='last name 0'}, ContactData{id=219, firstname='first name 2', lastname='last name 2'}, ContactData{id=218, firstname='first name 1', lastname='last name 1'}, ContactData{id=217, firstname='first name 0', lastname='last name 0'}, ContactData{id=216, firstname='first name 2', lastname='last name 2'}, ContactData{id=215, firstname='first name 1', lastname='last name 1'}, ContactData{id=214, firstname='first name 0', lastname='last name 0'}]
]]></system-out>
  <system-err><![CDATA[]]></system-err>
</testsuite>
